2025-07-19 10:31:00 | WARN | repo=pv243-a4m36jee-2016-security-seminar | action=commit
2025-06-25 07:39:00 | DEBUG | repo=pv243-a4m36jee-2016-security-seminar | action=commit
2025-11-08 15:55:00 | DEBUG | repo=pv243-a4m36jee-2016-security-seminar | action=commit
2025-11-07 14:30:00 | WARN | repo=pv243-a4m36jee-2016-security-seminar | action=pull
2025-12-20 17:51:00 | DEBUG | repo=pv243-a4m36jee-2016-security-seminar | action=edit | files=5
2025-08-20 10:47:00 | WARN | repo=pv243-a4m36jee-2016-security-seminar | action=commit
2025-11-11 19:27:00 | INFO | repo=pv243-a4m36jee-2016-security-seminar | action=commit
2025-01-26 13:39:00 | DEBUG | repo=pv243-a4m36jee-2016-security-seminar | action=commit
2025-09-13 17:58:00 | INFO | repo=pv243-a4m36jee-2016-security-seminar | action=commit
2025-11-24 20:28:00 | INFO | repo=pv243-a4m36jee-2016-security-seminar | action=commit
2025-11-10 20:47:00 | INFO | repo=pv243-a4m36jee-2016-security-seminar | action=commit
2025-12-19 14:52:00 | DEBUG | repo=pv243-a4m36jee-2016-security-seminar | action=pull
2025-05-13 10:34:00 | INFO | repo=pv243-a4m36jee-2016-security-seminar | action=edit | files=1
2025-01-27 12:16:00 | DEBUG | repo=pv243-a4m36jee-2016-security-seminar | action=commit
2025-11-19 08:04:00 | WARN | repo=pv243-a4m36jee-2016-security-seminar | action=commit
2025-09-16 19:29:00 | WARN | repo=pv243-a4m36jee-2016-security-seminar | action=commit
2025-02-14 21:18:00 | WARN | repo=pv243-a4m36jee-2016-security-seminar | action=commit
2025-05-09 15:46:00 | WARN | repo=pv243-a4m36jee-2016-security-seminar | action=test | passed=true
2025-11-08 15:26:00 | DEBUG | repo=pv243-a4m36jee-2016-security-seminar | action=commit
2025-12-14 16:51:00 | DEBUG | repo=pv243-a4m36jee-2016-security-seminar | action=commit
2025-06-03 09:30:00 | INFO | repo=pv243-a4m36jee-2016-security-seminar | action=commit
2025-12-26 20:37:00 | DEBUG | repo=pv243-a4m36jee-2016-security-seminar | action=commit
2025-11-09 19:36:00 | WARN | repo=pv243-a4m36jee-2016-security-seminar | action=commit
2025-06-28 13:12:00 | WARN | repo=pv243-a4m36jee-2016-security-seminar | action=test | passed=true
2025-11-24 13:48:00 | WARN | repo=pv243-a4m36jee-2016-security-seminar | action=commit
2025-07-08 08:25:00 | WARN | repo=pv243-a4m36jee-2016-security-seminar | action=commit
2025-09-02 14:03:00 | INFO | repo=pv243-a4m36jee-2016-security-seminar | action=commit
2025-09-16 11:53:00 | INFO | repo=pv243-a4m36jee-2016-security-seminar | action=commit
2025-11-06 13:16:00 | INFO | repo=pv243-a4m36jee-2016-security-seminar | action=commit
2025-01-16 08:07:00 | WARN | repo=pv243-a4m36jee-2016-security-seminar | action=commit
2025-02-09 10:38:00 | DEBUG | repo=pv243-a4m36jee-2016-security-seminar | action=commit
2025-02-08 15:43:00 | INFO | repo=pv243-a4m36jee-2016-security-seminar | action=commit
2025-02-28 07:48:00 | INFO | repo=pv243-a4m36jee-2016-security-seminar | action=commit
2025-05-20 08:35:00 | DEBUG | repo=pv243-a4m36jee-2016-security-seminar | action=commit
2025-12-27 07:44:00 | WARN | repo=pv243-a4m36jee-2016-security-seminar | action=commit
2025-10-20 19:24:00 | DEBUG | repo=pv243-a4m36jee-2016-security-seminar | action=commit
2025-08-02 20:27:00 | INFO | repo=pv243-a4m36jee-2016-security-seminar | action=commit
2025-06-23 08:50:00 | WARN | repo=pv243-a4m36jee-2016-security-seminar | action=commit
2025-07-18 18:11:00 | WARN | repo=pv243-a4m36jee-2016-security-seminar | action=test | passed=true
2025-10-06 18:44:00 | DEBUG | repo=pv243-a4m36jee-2016-security-seminar | action=commit
2025-06-09 12:01:00 | DEBUG | repo=pv243-a4m36jee-2016-security-seminar | action=edit | files=5
2025-09-04 08:09:00 | INFO | repo=pv243-a4m36jee-2016-security-seminar | action=commit
2025-08-05 19:15:00 | WARN | repo=pv243-a4m36jee-2016-security-seminar | action=commit
2025-02-03 13:22:00 | INFO | repo=pv243-a4m36jee-2016-security-seminar | action=commit
2025-01-24 12:35:00 | DEBUG | repo=pv243-a4m36jee-2016-security-seminar | action=commit
2025-10-11 21:54:00 | INFO | repo=pv243-a4m36jee-2016-security-seminar | action=commit
2025-10-03 12:39:00 | DEBUG | repo=pv243-a4m36jee-2016-security-seminar | action=commit
2025-12-09 19:34:00 | DEBUG | repo=pv243-a4m36jee-2016-security-seminar | action=commit
2025-10-15 16:38:00 | DEBUG | repo=pv243-a4m36jee-2016-security-seminar | action=commit
2025-03-16 20:40:00 | WARN | repo=pv243-a4m36jee-2016-security-seminar | action=commit
2025-01-17 08:00:00 | DEBUG | repo=pv243-a4m36jee-2016-security-seminar | action=commit
2025-04-14 13:47:00 | INFO | repo=pv243-a4m36jee-2016-security-seminar | action=commit
2025-08-02 19:05:00 | DEBUG | repo=pv243-a4m36jee-2016-security-seminar | action=commit
2025-09-14 18:55:00 | DEBUG | repo=pv243-a4m36jee-2016-security-seminar | action=commit
2025-10-02 21:54:00 | DEBUG | repo=pv243-a4m36jee-2016-security-seminar | action=commit
2025-08-06 14:02:00 | DEBUG | repo=pv243-a4m36jee-2016-security-seminar | action=commit
2025-11-25 18:50:00 | INFO | repo=pv243-a4m36jee-2016-security-seminar | action=commit
2025-12-11 21:32:00 | INFO | repo=pv243-a4m36jee-2016-security-seminar | action=commit
2025-12-20 14:20:00 | INFO | repo=pv243-a4m36jee-2016-security-seminar | action=test | passed=true
2025-06-12 20:45:00 | WARN | repo=pv243-a4m36jee-2016-security-seminar | action=commit
2025-08-07 15:07:00 | DEBUG | repo=pv243-a4m36jee-2016-security-seminar | action=edit | files=2
2025-05-05 09:57:00 | DEBUG | repo=pv243-a4m36jee-2016-security-seminar | action=commit
2025-11-11 16:16:00 | DEBUG | repo=pv243-a4m36jee-2016-security-seminar | action=commit
2025-03-14 07:38:00 | WARN | repo=pv243-a4m36jee-2016-security-seminar | action=commit
2025-07-23 08:50:00 | WARN | repo=pv243-a4m36jee-2016-security-seminar | action=commit
2025-09-09 17:20:00 | WARN | repo=pv243-a4m36jee-2016-security-seminar | action=commit
2025-10-07 14:30:00 | WARN | repo=pv243-a4m36jee-2016-security-seminar | action=test | passed=true
2025-11-19 17:21:00 | INFO | repo=pv243-a4m36jee-2016-security-seminar | action=commit
2025-07-01 13:05:00 | WARN | repo=pv243-a4m36jee-2016-security-seminar | action=commit
2025-10-20 15:57:00 | WARN | repo=pv243-a4m36jee-2016-security-seminar | action=pull
2025-11-08 19:46:00 | DEBUG | repo=pv243-a4m36jee-2016-security-seminar | action=commit
2025-05-18 19:51:00 | INFO | repo=pv243-a4m36jee-2016-security-seminar | action=commit
2025-07-16 18:31:00 | DEBUG | repo=pv243-a4m36jee-2016-security-seminar | action=commit
2025-06-02 10:59:00 | INFO | repo=pv243-a4m36jee-2016-security-seminar | action=commit
2025-04-03 10:57:00 | DEBUG | repo=pv243-a4m36jee-2016-security-seminar | action=commit
2025-03-27 11:28:00 | DEBUG | repo=pv243-a4m36jee-2016-security-seminar | action=commit
2025-06-21 11:23:00 | WARN | repo=pv243-a4m36jee-2016-security-seminar | action=commit
2025-04-17 10:18:00 | DEBUG | repo=pv243-a4m36jee-2016-security-seminar | action=commit
2025-10-18 12:24:00 | INFO | repo=pv243-a4m36jee-2016-security-seminar | action=commit
2025-05-07 19:55:00 | INFO | repo=pv243-a4m36jee-2016-security-seminar | action=commit
2025-02-12 17:03:00 | DEBUG | repo=pv243-a4m36jee-2016-security-seminar | action=commit
2025-06-12 09:48:00 | DEBUG | repo=pv243-a4m36jee-2016-security-seminar | action=commit
2025-02-08 20:13:00 | WARN | repo=pv243-a4m36jee-2016-security-seminar | action=edit | files=2
2025-03-13 15:42:00 | WARN | repo=pv243-a4m36jee-2016-security-seminar | action=test | passed=true
2025-05-12 14:25:00 | WARN | repo=pv243-a4m36jee-2016-security-seminar | action=commit
2025-03-27 11:05:00 | WARN | repo=pv243-a4m36jee-2016-security-seminar | action=commit
2025-11-05 10:43:00 | DEBUG | repo=pv243-a4m36jee-2016-security-seminar | action=pull
2025-10-09 12:17:00 | DEBUG | repo=pv243-a4m36jee-2016-security-seminar | action=commit
2025-11-18 21:29:00 | WARN | repo=pv243-a4m36jee-2016-security-seminar | action=commit
2025-09-14 18:15:00 | INFO | repo=pv243-a4m36jee-2016-security-seminar | action=commit
2025-09-16 11:56:00 | INFO | repo=pv243-a4m36jee-2016-security-seminar | action=commit
2025-05-03 12:46:00 | INFO | repo=pv243-a4m36jee-2016-security-seminar | action=commit
2025-09-08 11:38:00 | DEBUG | repo=pv243-a4m36jee-2016-security-seminar | action=commit
2025-06-25 17:36:00 | INFO | repo=pv243-a4m36jee-2016-security-seminar | action=commit
2025-04-13 09:50:00 | WARN | repo=pv243-a4m36jee-2016-security-seminar | action=commit
2025-04-04 17:27:00 | INFO | repo=pv243-a4m36jee-2016-security-seminar | action=commit
2025-11-09 15:41:00 | WARN | repo=pv243-a4m36jee-2016-security-seminar | action=commit
2025-09-08 13:52:00 | INFO | repo=pv243-a4m36jee-2016-security-seminar | action=commit
2025-06-06 11:40:00 | WARN | repo=pv243-a4m36jee-2016-security-seminar | action=commit
2025-10-15 09:48:00 | WARN | repo=pv243-a4m36jee-2016-security-seminar | action=commit
2025-04-11 18:03:00 | WARN | repo=pv243-a4m36jee-2016-security-seminar | action=commit
2025-12-06 19:59:00 | INFO | repo=pv243-a4m36jee-2016-security-seminar | action=commit
2025-04-26 08:23:00 | DEBUG | repo=pv243-a4m36jee-2016-security-seminar | action=commit
2025-09-04 08:37:00 | WARN | repo=pv243-a4m36jee-2016-security-seminar | action=commit
2025-09-10 08:33:00 | INFO | repo=pv243-a4m36jee-2016-security-seminar | action=commit
2025-10-13 14:01:00 | WARN | repo=pv243-a4m36jee-2016-security-seminar | action=commit
2025-03-16 15:03:00 | DEBUG | repo=pv243-a4m36jee-2016-security-seminar | action=pull
2025-08-11 18:45:00 | WARN | repo=pv243-a4m36jee-2016-security-seminar | action=commit
2025-05-20 17:37:00 | DEBUG | repo=pv243-a4m36jee-2016-security-seminar | action=commit
2025-06-22 08:05:00 | WARN | repo=pv243-a4m36jee-2016-security-seminar | action=test | passed=true
2025-05-04 07:56:00 | DEBUG | repo=pv243-a4m36jee-2016-security-seminar | action=pull
2025-06-03 13:07:00 | INFO | repo=pv243-a4m36jee-2016-security-seminar | action=commit
2025-03-10 07:44:00 | INFO | repo=pv243-a4m36jee-2016-security-seminar | action=commit
2025-02-09 13:40:00 | INFO | repo=pv243-a4m36jee-2016-security-seminar | action=commit
2025-03-22 15:40:00 | DEBUG | repo=pv243-a4m36jee-2016-security-seminar | action=commit
2025-03-18 21:12:00 | INFO | repo=pv243-a4m36jee-2016-security-seminar | action=commit
2025-10-26 14:33:00 | WARN | repo=pv243-a4m36jee-2016-security-seminar | action=commit
2025-07-23 07:16:00 | INFO | repo=pv243-a4m36jee-2016-security-seminar | action=commit
2025-03-28 17:27:00 | WARN | repo=pv243-a4m36jee-2016-security-seminar | action=pull
2025-01-17 13:12:00 | DEBUG | repo=pv243-a4m36jee-2016-security-seminar | action=test | passed=true
2025-09-25 07:12:00 | INFO | repo=pv243-a4m36jee-2016-security-seminar | action=commit
2025-12-25 15:57:00 | WARN | repo=pv243-a4m36jee-2016-security-seminar | action=commit
2025-07-25 13:17:00 | DEBUG | repo=pv243-a4m36jee-2016-security-seminar | action=commit
2025-08-08 19:40:00 | INFO | repo=pv243-a4m36jee-2016-security-seminar | action=commit
2025-02-23 17:42:00 | INFO | repo=pv243-a4m36jee-2016-security-seminar | action=pull
2025-07-17 18:37:00 | INFO | repo=pv243-a4m36jee-2016-security-seminar | action=edit | files=1
2025-03-03 16:37:00 | DEBUG | repo=pv243-a4m36jee-2016-security-seminar | action=pull
2025-01-13 18:43:00 | DEBUG | repo=pv243-a4m36jee-2016-security-seminar | action=pull
2025-03-25 20:45:00 | WARN | repo=pv243-a4m36jee-2016-security-seminar | action=commit
2025-04-23 15:38:00 | INFO | repo=pv243-a4m36jee-2016-security-seminar | action=commit
2025-01-07 15:06:00 | WARN | repo=pv243-a4m36jee-2016-security-seminar | action=commit
2025-12-07 12:23:00 | DEBUG | repo=pv243-a4m36jee-2016-security-seminar | action=commit
2025-03-28 12:49:00 | DEBUG | repo=pv243-a4m36jee-2016-security-seminar | action=commit
2025-08-15 11:39:00 | INFO | repo=pv243-a4m36jee-2016-security-seminar | action=commit
2025-10-03 12:09:00 | INFO | repo=pv243-a4m36jee-2016-security-seminar | action=commit
2025-05-16 19:11:00 | DEBUG | repo=pv243-a4m36jee-2016-security-seminar | action=commit
2025-12-22 09:38:00 | INFO | repo=pv243-a4m36jee-2016-security-seminar | action=commit
2025-03-07 19:49:00 | WARN | repo=pv243-a4m36jee-2016-security-seminar | action=commit
2025-08-02 17:40:00 | INFO | repo=pv243-a4m36jee-2016-security-seminar | action=test | passed=true
2025-11-17 11:55:00 | DEBUG | repo=pv243-a4m36jee-2016-security-seminar | action=commit
2025-11-10 07:20:00 | INFO | repo=pv243-a4m36jee-2016-security-seminar | action=test | passed=true
2025-10-09 17:10:00 | INFO | repo=pv243-a4m36jee-2016-security-seminar | action=commit
2025-02-26 10:39:00 | DEBUG | repo=pv243-a4m36jee-2016-security-seminar | action=edit | files=2
2025-04-11 20:42:00 | INFO | repo=pv243-a4m36jee-2016-security-seminar | action=commit
2025-11-02 12:57:00 | WARN | repo=pv243-a4m36jee-2016-security-seminar | action=commit
2025-08-21 08:05:00 | INFO | repo=pv243-a4m36jee-2016-security-seminar | action=commit
